Determining if the pthread_create exist failed with the following output:
Change Dir: /home/osboxes/gap_sdk/build/pulp-debug-bridge-prefix/src/pulp-debug-bridge-build/CMakeFiles/CMakeTmp

Run Build Command:"/usr/bin/make" "cmTC_ea0e4/fast"
make[5]: Entering directory '/home/osboxes/gap_sdk/build/pulp-debug-bridge-prefix/src/pulp-debug-bridge-build/CMakeFiles/CMakeTmp'
/usr/bin/make -f CMakeFiles/cmTC_ea0e4.dir/build.make CMakeFiles/cmTC_ea0e4.dir/build
make[6]: Entering directory '/home/osboxes/gap_sdk/build/pulp-debug-bridge-prefix/src/pulp-debug-bridge-build/CMakeFiles/CMakeTmp'
Building C object CMakeFiles/cmTC_ea0e4.dir/CheckSymbolExists.c.o
/usr/bin/cc   -fPIE   -o CMakeFiles/cmTC_ea0e4.dir/CheckSymbolExists.c.o   -c /home/osboxes/gap_sdk/build/pulp-debug-bridge-prefix/src/pulp-debug-bridge-build/CMakeFiles/CMakeTmp/CheckSymbolExists.c
Linking C executable cmTC_ea0e4
/usr/bin/cmake -E cmake_link_script CMakeFiles/cmTC_ea0e4.dir/link.txt --verbose=1
/usr/bin/cc      CMakeFiles/cmTC_ea0e4.dir/CheckSymbolExists.c.o  -o cmTC_ea0e4 
CMakeFiles/cmTC_ea0e4.dir/CheckSymbolExists.c.o: In function `main':
CheckSymbolExists.c:(.text+0x1b): undefined reference to `pthread_create'
collect2: error: ld returned 1 exit status
CMakeFiles/cmTC_ea0e4.dir/build.make:97: recipe for target 'cmTC_ea0e4' failed
make[6]: *** [cmTC_ea0e4] Error 1
make[6]: Leaving directory '/home/osboxes/gap_sdk/build/pulp-debug-bridge-prefix/src/pulp-debug-bridge-build/CMakeFiles/CMakeTmp'
Makefile:126: recipe for target 'cmTC_ea0e4/fast' failed
make[5]: *** [cmTC_ea0e4/fast] Error 2
make[5]: Leaving directory '/home/osboxes/gap_sdk/build/pulp-debug-bridge-prefix/src/pulp-debug-bridge-build/CMakeFiles/CMakeTmp'

File /home/osboxes/gap_sdk/build/pulp-debug-bridge-prefix/src/pulp-debug-bridge-build/CMakeFiles/CMakeTmp/CheckSymbolExists.c:
/* */
#include <pthread.h>

int main(int argc, char** argv)
{
  (void)argv;
#ifndef pthread_create
  return ((int*)(&pthread_create))[argc];
#else
  (void)argc;
  return 0;
#endif
}

Determining if the function pthread_create exists in the pthreads failed with the following output:
Change Dir: /home/osboxes/gap_sdk/build/pulp-debug-bridge-prefix/src/pulp-debug-bridge-build/CMakeFiles/CMakeTmp

Run Build Command:"/usr/bin/make" "cmTC_8ae2f/fast"
make[5]: Entering directory '/home/osboxes/gap_sdk/build/pulp-debug-bridge-prefix/src/pulp-debug-bridge-build/CMakeFiles/CMakeTmp'
/usr/bin/make -f CMakeFiles/cmTC_8ae2f.dir/build.make CMakeFiles/cmTC_8ae2f.dir/build
make[6]: Entering directory '/home/osboxes/gap_sdk/build/pulp-debug-bridge-prefix/src/pulp-debug-bridge-build/CMakeFiles/CMakeTmp'
Building C object CMakeFiles/cmTC_8ae2f.dir/CheckFunctionExists.c.o
/usr/bin/cc   -DCHECK_FUNCTION_EXISTS=pthread_create -fPIE   -o CMakeFiles/cmTC_8ae2f.dir/CheckFunctionExists.c.o   -c /usr/share/cmake-3.10/Modules/CheckFunctionExists.c
Linking C executable cmTC_8ae2f
/usr/bin/cmake -E cmake_link_script CMakeFiles/cmTC_8ae2f.dir/link.txt --verbose=1
/usr/bin/cc  -DCHECK_FUNCTION_EXISTS=pthread_create    CMakeFiles/cmTC_8ae2f.dir/CheckFunctionExists.c.o  -o cmTC_8ae2f -lpthreads 
/usr/bin/ld: cannot find -lpthreads
collect2: error: ld returned 1 exit status
CMakeFiles/cmTC_8ae2f.dir/build.make:97: recipe for target 'cmTC_8ae2f' failed
make[6]: *** [cmTC_8ae2f] Error 1
make[6]: Leaving directory '/home/osboxes/gap_sdk/build/pulp-debug-bridge-prefix/src/pulp-debug-bridge-build/CMakeFiles/CMakeTmp'
Makefile:126: recipe for target 'cmTC_8ae2f/fast' failed
make[5]: *** [cmTC_8ae2f/fast] Error 2
make[5]: Leaving directory '/home/osboxes/gap_sdk/build/pulp-debug-bridge-prefix/src/pulp-debug-bridge-build/CMakeFiles/CMakeTmp'


